<?xml version="1.0" encoding="UTF-8"?>
<testsuite xmlns:xsi="http://www.w3.org/2001/XMLSchema-instance" xsi:noNamespaceSchemaLocation="https://maven.apache.org/surefire/maven-surefire-plugin/xsd/surefire-test-report-3.0.xsd" version="3.0" name="com.sime.commands.DeleteEntityCommandTest" time="0.031" tests="2" errors="0" skipped="0" failures="0">
  <properties>
[...]
</properties>
  <testcase name="test_delete" classname="com.sime.commands.DeleteEntityCommandTest" time="0.017"/>
  <testcase name="test_delete_multiple_components" classname="com.sime.commands.DeleteEntityCommandTest" time="0.004"/>
</testsuite>